TN:
SF:src/index.js
FN:4,genDiff
FNF:1
FNH:1
FNDA:1,genDiff
DA:1,1
DA:2,1
DA:3,1
DA:4,1
DA:5,1
DA:6,1
DA:7,1
DA:8,1
DA:9,1
DA:10,1
DA:11,1
DA:12,1
DA:13,1
DA:14,1
DA:15,1
DA:16,1
DA:17,1
DA:18,1
DA:19,1
LF:19
LH:19
BRDA:4,0,0,1
BRF:1
BRH:1
end_of_record
TN:
SF:src/parser.js
FN:1,parses
FNF:1
FNH:1
FNDA:2,parses
DA:1,1
DA:2,2
DA:3,2
DA:4,2
DA:5,2
DA:6,1
DA:7,1
LF:7
LH:7
BRDA:1,0,0,2
BRF:1
BRH:1
end_of_record
TN:
SF:src/utils.js
FN:6,readFile
FN:20,compareFileJSON
FNF:2
FNH:2
FNDA:2,readFile
FNDA:1,compareFileJSON
DA:1,1
DA:2,1
DA:3,1
DA:4,1
DA:5,1
DA:6,1
DA:7,2
DA:8,2
DA:9,2
DA:10,2
DA:11,2
DA:12,2
DA:13,2
DA:14,2
DA:15,2
DA:16,2
DA:17,2
DA:18,2
DA:19,1
DA:20,1
DA:21,1
DA:22,1
DA:23,1
DA:24,1
DA:25,1
DA:26,1
DA:27,1
DA:28,7
DA:29,2
DA:30,2
DA:31,7
DA:32,1
DA:33,1
DA:34,7
DA:35,2
DA:36,2
DA:37,2
DA:38,2
DA:39,2
DA:40,0
DA:41,1
DA:42,1
DA:43,1
DA:44,1
DA:45,1
DA:46,1
DA:47,1
DA:48,1
DA:49,1
DA:50,1
DA:51,1
LF:51
LH:50
BRDA:6,0,0,2
BRDA:20,1,0,1
BRDA:27,2,0,7
BRDA:28,3,0,6
BRDA:28,4,0,2
BRDA:30,5,0,5
BRDA:31,6,0,1
BRDA:31,7,0,1
BRDA:33,8,0,4
BRDA:34,9,0,2
BRDA:39,10,0,0
BRDA:42,11,0,6
BRF:12
BRH:11
end_of_record
