TN:
SF:src/index.js
FN:4,genDiff
FNF:1
FNH:1
FNDA:2,genDiff
DA:1,1
DA:2,1
DA:3,1
DA:4,1
DA:5,2
DA:6,2
DA:7,2
DA:8,2
DA:9,2
DA:10,2
DA:11,2
DA:12,2
DA:13,2
DA:14,2
DA:15,2
DA:16,2
DA:17,2
DA:18,1
DA:19,1
LF:19
LH:19
BRDA:4,0,0,2
BRF:1
BRH:1
end_of_record
TN:
SF:src/parser.js
FN:3,parses
FNF:1
FNH:1
FNDA:4,parses
DA:1,1
DA:2,1
DA:3,1
DA:4,4
DA:5,2
DA:6,2
DA:7,2
DA:8,2
DA:9,4
DA:10,2
DA:11,2
DA:12,2
DA:13,2
DA:14,0
DA:15,0
DA:16,0
DA:17,1
DA:18,1
LF:18
LH:15
BRDA:3,0,0,4
BRDA:4,1,0,2
BRDA:9,2,0,0
BRDA:9,3,0,2
BRDA:13,4,0,0
BRF:5
BRH:3
end_of_record
TN:
SF:src/utils.js
FN:6,readFile
FN:20,compareFileJSON
FN:51,getFormat
FNF:3
FNH:3
FNDA:4,readFile
FNDA:2,compareFileJSON
FNDA:2,getFormat
DA:1,1
DA:2,1
DA:3,1
DA:4,1
DA:5,1
DA:6,1
DA:7,4
DA:8,4
DA:9,4
DA:10,4
DA:11,4
DA:12,4
DA:13,4
DA:14,4
DA:15,4
DA:16,4
DA:17,4
DA:18,4
DA:19,1
DA:20,1
DA:21,2
DA:22,2
DA:23,2
DA:24,2
DA:25,2
DA:26,2
DA:27,2
DA:28,14
DA:29,4
DA:30,4
DA:31,14
DA:32,2
DA:33,2
DA:34,14
DA:35,4
DA:36,4
DA:37,4
DA:38,4
DA:39,4
DA:40,0
DA:41,2
DA:42,2
DA:43,2
DA:44,2
DA:45,2
DA:46,2
DA:47,2
DA:48,2
DA:49,2
DA:50,1
DA:51,1
DA:52,2
DA:53,2
DA:54,2
DA:55,2
DA:56,2
DA:57,2
DA:58,2
DA:59,0
DA:60,0
DA:61,1
DA:62,1
LF:62
LH:59
BRDA:6,0,0,4
BRDA:20,1,0,2
BRDA:27,2,0,14
BRDA:28,3,0,12
BRDA:28,4,0,4
BRDA:30,5,0,10
BRDA:31,6,0,2
BRDA:31,7,0,2
BRDA:33,8,0,8
BRDA:34,9,0,4
BRDA:39,10,0,0
BRDA:42,11,0,12
BRDA:51,12,0,2
BRDA:58,13,0,0
BRF:14
BRH:12
end_of_record
